0 info it worked if it ends with ok
1 verbose cli [ 'C:\\Program Files\\nodejs\\node.exe',
1 verbose cli   'C:\\Program Files\\nodejs\\node_modules\\npm\\bin\\npm-cli.js',
1 verbose cli   'start' ]
2 info using npm@4.0.5
3 info using node@v7.4.0
4 verbose run-script [ 'prestart', 'start', 'poststart' ]
5 info lifecycle linjonh.github.io@1.0.0~prestart: linjonh.github.io@1.0.0
6 silly lifecycle linjonh.github.io@1.0.0~prestart: no script for prestart, continuing
7 info lifecycle linjonh.github.io@1.0.0~start: linjonh.github.io@1.0.0
8 verbose lifecycle linjonh.github.io@1.0.0~start: unsafe-perm in lifecycle true
9 verbose lifecycle linjonh.github.io@1.0.0~start: PATH: C:\Program Files\nodejs\node_modules\npm\bin\node-gyp-bin;E:\linjonh.github.io\node_modules\.bin;C:\Python27\;C:\Python27\Scripts;C:\Program Files\Python\Scripts\;C:\Program Files\Python\;C:\ProgramData\Oracle\Java\javapath;C:\WINDOWS\system32;C:\WINDOWS;C:\WINDOWS\System32\Wbem;C:\WINDOWS\System32\WindowsPowerShell\v1.0\;C:\Program Files\Git\cmd;C:\Program Files\TortoiseGit\bin;C:\Program Files\TortoiseSVN\bin;C:\Program Files (x86)\NVIDIA Corporation\PhysX\Common;C:\ProgramData\chocolatey\bin;C:\Program Files\nodejs\;C:\Program Files (x86)\Yarn\bin;C:\Program Files\MySQL\MySQL Utilities 1.6\;E:\cocos2d-x-3.14.1\templates;E:\cocos2d-x-3.14.1\tools\cocos2d-console\bin;D:\SDK\platform-tools;C:\Users\PLUSH80968\AppData\Local\Microsoft\WindowsApps;C:\Program Files\Android\Android Studio\gradle\gradle-2.14.1\bin;C:\Users\PLUSH80968\AppData\Local\atom\bin;C:\Users\PLUSH80968\AppData\Roaming\npm;C:\Users\PLUSH80968\AppData\Local\Yarn\.bin;E:\sonar-scanner-3.0.0.702-windows\bin;E:\sonarqube-6.3\bin\windows-x86-64;E:\sonar-scanner-3.0.0.702-windows\bin;C:\Program Files\Java\jdk1.8.0_101\bin;D:\SDK\ndk-bundle;C:\Program Files (x86)\Microsoft VS Code\bin;C:\phantomjs-2.1.1-windows\bin
10 verbose lifecycle linjonh.github.io@1.0.0~start: CWD: E:\linjonh.github.io
11 silly lifecycle linjonh.github.io@1.0.0~start: Args: [ '/d /s /c', 'tsc && gulp serve' ]
12 verbose stack Error: kill ENOSYS
12 verbose stack     at exports._errnoException (util.js:1022:11)
12 verbose stack     at process.kill (internal/process.js:173:13)
12 verbose stack     at process.listener (C:\Program Files\nodejs\node_modules\npm\node_modules\npmlog\node_modules\gauge\node_modules\signal-exit\index.js:86:15)
12 verbose stack     at emitNone (events.js:91:20)
12 verbose stack     at process.emit (events.js:185:7)
12 verbose stack     at processEmit (C:\Program Files\nodejs\node_modules\npm\node_modules\npmlog\node_modules\gauge\node_modules\signal-exit\index.js:146:32)
12 verbose stack     at processEmit (C:\Program Files\nodejs\node_modules\npm\node_modules\npm-registry-client\node_modules\npmlog\node_modules\gauge\node_modules\signal-exit\index.js:146:32)
12 verbose stack     at Signal.wrap.onsignal (internal/process.js:200:44)
13 verbose cwd E:\linjonh.github.io
14 error Windows_NT 10.0.14393
15 error argv "C:\\Program Files\\nodejs\\node.exe" "C:\\Program Files\\nodejs\\node_modules\\npm\\bin\\npm-cli.js" "start"
16 error node v7.4.0
17 error npm  v4.0.5
18 error code ENOSYS
19 error errno ENOSYS
20 error syscall kill
21 error kill ENOSYS
22 error If you need help, you may report this error at:
22 error     <https://github.com/npm/npm/issues>
23 verbose exit [ 1, true ]
